-------------- LOGIC FILE --------------
-------------- CELL INFORMATION --------
Size	[12:8:6]
================= Start Level 1 ==========
#########################
#* * * * * * * * * * * *#
#                       #
#* * * * * * * * * * * *#
###                   ###
  #* * * * * * * * * *#  
  #                   #  
  #* * * * * * * * * *#  
  #                   #  
  #* * * * * * * * * *#  
  #                   #  
  #* * * * * * * * * *#  
###                   ###
#* * * * * * * * * * * *#
#                       #
#* * * * * * * * * * * *#
#########################
================= Start Level 2 ==========
#########################
#* * * * * * * * * * * *#
#                       #
#* * * * * * * * * * * *#
###                   ###
  #* * * * * * * * * *#  
  #                   #  
  #* * * * * * * * * *#  
  #                   #  
  #* * * * * * * * * *#  
  #                   #  
  #* * * * * * * * * *#  
###                   ###
#* * * * * * * * * * * *#
#                       #
#* * * * * * * * * * * *#
#########################
================= Start Level 3 ==========
#########################
#* * * * * * * * * * * *#
#                       #
#* * * * * * * * * * * *#
###                   ###
  #* * * * * * * * * *#  
  #                   #  
  #* * * * * * * * * *#  
  #                   #  
  #* * * * * * * * * *#  
  #                   #  
  #* * * * * * * * * *#  
###                   ###
#* * * * * * * * * * * *#
#                       #
#* * * * * * * * * * * *#
#########################
================= Start Level 4 ==========
#########################
#* * * * * * * * * * * *#
#                       #
#* * * * * * * * * * * *#
###                   ###
  #* * * * * * * * * *#  
  #                   #  
  #* * * * * * * * * *#  
  #                   #  
  #* * * * * * * * * *#  
  #                   #  
  #* * * * * * * * * *#  
###                   ###
#* * * * * * * * * * * *#
#                       #
#* * * * * * * * * * * *#
#########################
================= Start Level 5 ==========
#########################
#* * * * * * * * * * * *#
#                       #
#* * * * * * * * * * * *#
###                   ###
  #* * * * * * * * * *#  
  #                   #  
  #* * * * * * * * * *#  
  #                   #  
  #* * * * * * * * * *#  
  #                   #  
  #* * * * * * * * * *#  
###                   ###
#* * * * * * * * * * * *#
#                       #
#* * * * * * * * * * * *#
#########################
================= Start Level 6 ==========
#########################
#* * * * * * * * * * * *#
#                       #
#* * * * * * * * * * * *#
###                   ###
  #* * * * * * * * * *#  
  #                   #  
  #* * * * * * * * * *#  
  #                   #  
  #* * * * * * * * * *#  
  #                   #  
  #* * * * * * * * * *#  
###                   ###
#* * * * * * * * * * * *#
#                       #
#* * * * * * * * * * * *#
#########################
-------------- ENGINE INFORMATION ------