-------------- LOGIC FILE --------------
-------------- CELL INFORMATION --------
Size	[10:6:8]
================= Start Level 1 ==========
#####################
#* * * * * * * * * *#
#                   #
#* * * * * * * * * *#
#                   #
#* * * * * * * * * *#
#                   #
#* * * * * * * * * *#
#                   #
#* * * * * * * * * *#
#                   #
#* * * * * * * * * *#
#####################
================= Start Level 2 ==========
#####################
#* * * * * * * * * *#
#                   #
#* * * * * * * * * *#
#                   #
#* * * * * * * * * *#
#                   #
#* * * * * * * * * *#
#                   #
#* * * * * * * * * *#
#                   #
#* * * * * * * * * *#
#####################
================= Start Level 3 ==========
#####################
#* * * * * * * * * *#
#                   #
#* * * * * * * * * *#
#                   #
#* * * * * * * * * *#
#                   #
#* * * * * * * * * *#
#                   #
#* * * * * * * * * *#
#                   #
#* * * * * * * * * *#
#####################
================= Start Level 4 ==========
#####################
#* * * * * * * * * *#
#                   #
#* * * * * * * * * *#
#                   #
#* * * * * * * * * *#
#                   #
#* * * * * * * * * *#
#                   #
#* * * * * * * * * *#
#                   #
#* * * * * * * * * *#
#####################
================= Start Level 5 ==========
#####################
#* * * * * * * * * *#
#                   #
#* * * * * * * * * *#
#                   #
#* * * * * * * * * *#
#                   #
#* * * * * * * * * *#
#                   #
#* * * * * * * * * *#
#                   #
#* * * * * * * * * *#
#####################
================= Start Level 6 ==========
#####################
#* * * * * * * * * *#
#                   #
#* * * * * * * * * *#
#                   #
#* * * * * * * * * *#
#                   #
#* * * * * * * * * *#
#                   #
#* * * * * * * * * *#
#                   #
#* * * * * * * * * *#
#####################
================= Start Level 7 ==========
#####################
#* * * * * * * * * *#
#                   #
#* * * * * * * * * *#
#                   #
#* * * * * * * * * *#
#                   #
#* * * * * * * * * *#
#                   #
#* * * * * * * * * *#
#                   #
#* * * * * * * * * *#
#####################
================= Start Level 8 ==========
#####################
#* * * * * * * * * *#
#                   #
#* * * * * * * * * *#
#                   #
#* * * * * * * * * *#
#                   #
#* * * * * * * * * *#
#                   #
#* * * * * * * * * *#
#                   #
#* * * * * * * * * *#
#####################
-------------- ENGINE INFORMATION ------