-------------- LOGIC FILE --------------
-------------- CELL INFORMATION --------
Size	[12:12:3]
================= Start Level 1 ==========
        #########        
        #* * * *#        
        #       #        
        #* * * *#        
        #       #        
        #* * * *#        
        #       #        
        #* * * *#        
#########       #########
#* * * * * * * * * * * *#
#                       #
#* * * * * * * * * * * *#
#                       #
#* * * * * * * * * * * *#
#                       #
#* * * * * * * * * * * *#
#########       #########
        #* * * *#        
        #       #        
        #* * * *#        
        #       #        
        #* * * *#        
        #       #        
        #* * * *#        
        #########        
================= Start Level 2 ==========
        #########        
        #* * * *#        
        #       #        
        #* * * *#        
        #       #        
        #* * * *#        
        #       #        
        #* * * *#        
#########       #########
#* * * * * * * * * * * *#
#                       #
#* * * * * * * * * * * *#
#                       #
#* * * * * * * * * * * *#
#                       #
#* * * * * * * * * * * *#
#########       #########
        #* * * *#        
        #       #        
        #* * * *#        
        #       #        
        #* * * *#        
        #       #        
        #* * * *#        
        #########        
================= Start Level 3 ==========
        #########        
        #* * * *#        
        #       #        
        #* * * *#        
        #       #        
        #* * * *#        
        #       #        
        #* * * *#        
#########       #########
#* * * * * * * * * * * *#
#                       #
#* * * * * * * * * * * *#
#                       #
#* * * * * * * * * * * *#
#                       #
#* * * * * * * * * * * *#
#########       #########
        #* * * *#        
        #       #        
        #* * * *#        
        #       #        
        #* * * *#        
        #       #        
        #* * * *#        
        #########        
-------------- ENGINE INFORMATION ------