-------------- LOGIC FILE --------------
-------------- CELL INFORMATION --------
Size	[4:4:4]
================= Start Level1 ==========
#########
#*#*#*#*#
#########
#*#*#*#*#
#########
#*#*#*#*#
#########
#*#*#*#*#
#########
================= Start Level2 ==========
#########
#*#*#*#*#
#########
#*#*#*#*#
#########
#*#*#*#*#
#########
#*#*#*#*#
#########
================= Start Level3 ==========
#########
#*#*#*#*#
#########
#*#*#*#*#
#########
#*#*#*#*#
#########
#*#*#*#*#
#########
================= Start Level4 ==========
#########
#*#*#*#*#
#########
#*#*#*#*#
#########
#*#*#*#*#
#########
#*#*#*#*#
-------------- ENGINE INFORMATION ------